<?xml version="1.0" encoding="UTF-8"?>
<!-- Generated by org.testng.reporters.JUnitReportReporter -->
<testsuite hostname="DESKTOP-LJM4THQ" failures="0" tests="2" name="testcases.Category" time="37.978" errors="0" timestamp="2024-04-04T11:21:15 NPT" skipped="0">
  <testcase classname="testcases.Category" name="categoryadd" time="31.555"/>
  <system-out/>
  <testcase classname="testcases.Category" name="categorysearch" time="6.423"/>
  <system-out/>
</testsuite> <!-- testcases.Category -->
