<?xml version="1.0" encoding="UTF-8"?>
<!-- Generated by org.testng.reporters.JUnitReportReporter -->
<testsuite hostname="DESKTOP-LJM4THQ" failures="0" tests="1" name="testcases.AddProducts" time="39.339" errors="0" timestamp="2024-04-04T11:21:15 NPT" skipped="0">
  <testcase classname="testcases.AddProducts" name="addProduct" time="39.339"/>
  <system-out/>
</testsuite> <!-- testcases.AddProducts -->
