<?xml version="1.0" encoding="UTF-8"?>
<!-- Generated by org.testng.reporters.JUnitReportReporter -->
<testsuite hostname="DESKTOP-LJM4THQ" failures="0" tests="2" name="testcases.Brand" time="29.286" errors="0" timestamp="2024-04-04T11:21:15 NPT" skipped="0">
  <testcase classname="testcases.Brand" name="brandadd" time="22.827"/>
  <system-out/>
  <testcase classname="testcases.Brand" name="brandsearch" time="6.459"/>
  <system-out/>
</testsuite> <!-- testcases.Brand -->
