<?xml version="1.0" encoding="UTF-8"?>
<!-- Generated by org.testng.reporters.JUnitReportReporter -->
<testsuite hostname="DESKTOP-LJM4THQ" failures="0" tests="3" name="testcases.Login" time="10.653" errors="0" timestamp="2024-04-04T11:21:15 NPT" skipped="0">
  <testcase classname="testcases.Login" name="Invalidlogin" time="2.363"/>
  <system-out/>
  <testcase classname="testcases.Login" name="Login" time="8.133"/>
  <system-out/>
  <testcase classname="testcases.Login" name="alerttour" time="0.157"/>
  <system-out/>
</testsuite> <!-- testcases.Login -->
