<?xml version="1.0" encoding="UTF-8"?>
<!-- Generated by org.testng.reporters.JUnitReportReporter -->
<testsuite hostname="DESKTOP-LJM4THQ" failures="0" tests="2" name="testcases.Unit" time="38.121" errors="0" timestamp="2024-04-04T11:21:15 NPT" skipped="0">
  <testcase classname="testcases.Unit" name="unitadd" time="31.726"/>
  <system-out/>
  <testcase classname="testcases.Unit" name="unitsearch" time="6.395"/>
  <system-out/>
</testsuite> <!-- testcases.Unit -->
